1723063661: mosquitto version 2.0.15 starting
1723063661: Config loaded from /mosquitto/config/mosquitto.conf.
1723063661: Error: Unable to open pwfile "/mosquitto/config/passwd".
1723063661: Error opening password file "/mosquitto/config/passwd".
1723063661: mosquitto version 2.0.15 starting
1723063661: Config loaded from /mosquitto/config/mosquitto.conf.
1723063661: Error: Unable to open pwfile "/mosquitto/config/passwd".
1723063661: Error opening password file "/mosquitto/config/passwd".
1723063662: mosquitto version 2.0.15 starting
1723063662: Config loaded from /mosquitto/config/mosquitto.conf.
1723063662: Error: Unable to open pwfile "/mosquitto/config/passwd".
1723063662: Error opening password file "/mosquitto/config/passwd".
1723063675: mosquitto version 2.0.15 starting
1723063675: Config loaded from /mosquitto/config/mosquitto.conf.
1723063675: Error: Unable to open pwfile "/mosquitto/config/passwd".
1723063675: Error opening password file "/mosquitto/config/passwd".
1723063688: mosquitto version 2.0.15 starting
1723063688: Config loaded from /mosquitto/config/mosquitto.conf.
1723063688: Error: Unable to open pwfile "/mosquitto/config/passwd".
1723063688: Error opening password file "/mosquitto/config/passwd".
1723063714: mosquitto version 2.0.15 starting
1723063714: Config loaded from /mosquitto/config/mosquitto.conf.
1723063714: Error: Unable to open pwfile "/mosquitto/config/passwd".
1723063714: Error opening password file "/mosquitto/config/passwd".
1723063766: mosquitto version 2.0.15 starting
1723063766: Config loaded from /mosquitto/config/mosquitto.conf.
1723063766: Error: Unable to open pwfile "/mosquitto/config/passwd".
1723063766: Error opening password file "/mosquitto/config/passwd".
1723063826: mosquitto version 2.0.15 starting
1723063826: Config loaded from /mosquitto/config/mosquitto.conf.
1723063826: Error: Unable to open pwfile "/mosquitto/config/passwd".
1723063826: Error opening password file "/mosquitto/config/passwd".
1723063886: mosquitto version 2.0.15 starting
1723063886: Config loaded from /mosquitto/config/mosquitto.conf.
1723063886: Error: Unable to open pwfile "/mosquitto/config/passwd".
1723063886: Error opening password file "/mosquitto/config/passwd".
1723063947: mosquitto version 2.0.15 starting
1723063947: Config loaded from /mosquitto/config/mosquitto.conf.
1723063947: Error: Unable to open pwfile "/mosquitto/config/passwd".
1723063947: Error opening password file "/mosquitto/config/passwd".
1723064007: mosquitto version 2.0.15 starting
1723064007: Config loaded from /mosquitto/config/mosquitto.conf.
1723064007: Error: Unable to open pwfile "/mosquitto/config/passwd".
1723064007: Error opening password file "/mosquitto/config/passwd".
1723064067: mosquitto version 2.0.15 starting
1723064067: Config loaded from /mosquitto/config/mosquitto.conf.
1723064067: Error: Unable to open pwfile "/mosquitto/config/passwd".
1723064067: Error opening password file "/mosquitto/config/passwd".
1723064128: mosquitto version 2.0.15 starting
1723064128: Config loaded from /mosquitto/config/mosquitto.conf.
1723064128: Error: Unable to open pwfile "/mosquitto/config/passwd".
1723064128: Error opening password file "/mosquitto/config/passwd".
1723064188: mosquitto version 2.0.15 starting
1723064188: Config loaded from /mosquitto/config/mosquitto.conf.
1723064188: Error: Unable to open pwfile "/mosquitto/config/passwd".
1723064188: Error opening password file "/mosquitto/config/passwd".
1723064248: mosquitto version 2.0.15 starting
1723064248: Config loaded from /mosquitto/config/mosquitto.conf.
1723064248: Error: Unable to open pwfile "/mosquitto/config/passwd".
1723064248: Error opening password file "/mosquitto/config/passwd".
1723064309: mosquitto version 2.0.15 starting
1723064309: Config loaded from /mosquitto/config/mosquitto.conf.
1723064309: Error: Unable to open pwfile "/mosquitto/config/passwd".
1723064309: Error opening password file "/mosquitto/config/passwd".
1723064369: mosquitto version 2.0.15 starting
1723064369: Config loaded from /mosquitto/config/mosquitto.conf.
1723064369: Error: Unable to open pwfile "/mosquitto/config/passwd".
1723064369: Error opening password file "/mosquitto/config/passwd".
1723064429: mosquitto version 2.0.15 starting
1723064429: Config loaded from /mosquitto/config/mosquitto.conf.
1723064429: Error: Unable to open pwfile "/mosquitto/config/passwd".
1723064429: Error opening password file "/mosquitto/config/passwd".
1723064490: mosquitto version 2.0.15 starting
1723064490: Config loaded from /mosquitto/config/mosquitto.conf.
1723064490: Error: Unable to open pwfile "/mosquitto/config/passwd".
1723064490: Error opening password file "/mosquitto/config/passwd".
1723064550: mosquitto version 2.0.15 starting
1723064550: Config loaded from /mosquitto/config/mosquitto.conf.
1723064550: Error: Unable to open pwfile "/mosquitto/config/passwd".
1723064550: Error opening password file "/mosquitto/config/passwd".
1723064610: mosquitto version 2.0.15 starting
1723064610: Config loaded from /mosquitto/config/mosquitto.conf.
1723064610: Error: Unable to open pwfile "/mosquitto/config/passwd".
1723064610: Error opening password file "/mosquitto/config/passwd".
1723064671: mosquitto version 2.0.15 starting
1723064671: Config loaded from /mosquitto/config/mosquitto.conf.
1723064671: Error: Unable to open pwfile "/mosquitto/config/passwd".
1723064671: Error opening password file "/mosquitto/config/passwd".
1723064731: mosquitto version 2.0.15 starting
1723064731: Config loaded from /mosquitto/config/mosquitto.conf.
1723064731: Error: Unable to open pwfile "/mosquitto/config/passwd".
1723064731: Error opening password file "/mosquitto/config/passwd".
1723064791: mosquitto version 2.0.15 starting
1723064791: Config loaded from /mosquitto/config/mosquitto.conf.
1723064791: Error: Unable to open pwfile "/mosquitto/config/passwd".
1723064791: Error opening password file "/mosquitto/config/passwd".
1723064852: mosquitto version 2.0.15 starting
1723064852: Config loaded from /mosquitto/config/mosquitto.conf.
1723064852: Error: Unable to open pwfile "/mosquitto/config/passwd".
1723064852: Error opening password file "/mosquitto/config/passwd".
1723064912: mosquitto version 2.0.15 starting
1723064912: Config loaded from /mosquitto/config/mosquitto.conf.
1723064912: Error: Unable to open pwfile "/mosquitto/config/passwd".
1723064912: Error opening password file "/mosquitto/config/passwd".
1723064972: mosquitto version 2.0.15 starting
1723064972: Config loaded from /mosquitto/config/mosquitto.conf.
1723064972: Error: Unable to open pwfile "/mosquitto/config/passwd".
1723064972: Error opening password file "/mosquitto/config/passwd".
1723065033: mosquitto version 2.0.15 starting
1723065033: Config loaded from /mosquitto/config/mosquitto.conf.
1723065033: Error: Unable to open pwfile "/mosquitto/config/passwd".
1723065033: Error opening password file "/mosquitto/config/passwd".
1723065093: mosquitto version 2.0.15 starting
1723065093: Config loaded from /mosquitto/config/mosquitto.conf.
1723065093: Error: Unable to open pwfile "/mosquitto/config/passwd".
1723065093: Error opening password file "/mosquitto/config/passwd".
1723065153: mosquitto version 2.0.15 starting
1723065153: Config loaded from /mosquitto/config/mosquitto.conf.
1723065153: Error: Unable to open pwfile "/mosquitto/config/passwd".
1723065153: Error opening password file "/mosquitto/config/passwd".
1723065214: mosquitto version 2.0.15 starting
1723065214: Config loaded from /mosquitto/config/mosquitto.conf.
1723065214: Error: Unable to open pwfile "/mosquitto/config/passwd".
1723065214: Error opening password file "/mosquitto/config/passwd".
1723065274: mosquitto version 2.0.15 starting
1723065274: Config loaded from /mosquitto/config/mosquitto.conf.
1723065274: Error: Unable to open pwfile "/mosquitto/config/passwd".
1723065274: Error opening password file "/mosquitto/config/passwd".
1723065334: mosquitto version 2.0.15 starting
1723065334: Config loaded from /mosquitto/config/mosquitto.conf.
1723065334: Error: Unable to open pwfile "/mosquitto/config/passwd".
1723065334: Error opening password file "/mosquitto/config/passwd".
1723065395: mosquitto version 2.0.15 starting
1723065395: Config loaded from /mosquitto/config/mosquitto.conf.
1723065395: Error: Unable to open pwfile "/mosquitto/config/passwd".
1723065395: Error opening password file "/mosquitto/config/passwd".
1723065455: mosquitto version 2.0.15 starting
1723065455: Config loaded from /mosquitto/config/mosquitto.conf.
1723065455: Error: Unable to open pwfile "/mosquitto/config/passwd".
1723065455: Error opening password file "/mosquitto/config/passwd".
1723065515: mosquitto version 2.0.15 starting
1723065515: Config loaded from /mosquitto/config/mosquitto.conf.
1723065515: Error: Unable to open pwfile "/mosquitto/config/passwd".
1723065515: Error opening password file "/mosquitto/config/passwd".
1723065576: mosquitto version 2.0.15 starting
1723065576: Config loaded from /mosquitto/config/mosquitto.conf.
1723065576: Error: Unable to open pwfile "/mosquitto/config/passwd".
1723065576: Error opening password file "/mosquitto/config/passwd".
1723065636: mosquitto version 2.0.15 starting
1723065636: Config loaded from /mosquitto/config/mosquitto.conf.
1723065636: Error: Unable to open pwfile "/mosquitto/config/passwd".
1723065636: Error opening password file "/mosquitto/config/passwd".
1723065696: mosquitto version 2.0.15 starting
1723065696: Config loaded from /mosquitto/config/mosquitto.conf.
1723065696: Error: Unable to open pwfile "/mosquitto/config/passwd".
1723065696: Error opening password file "/mosquitto/config/passwd".
1723065757: mosquitto version 2.0.15 starting
1723065757: Config loaded from /mosquitto/config/mosquitto.conf.
1723065757: Error: Unable to open pwfile "/mosquitto/config/passwd".
1723065757: Error opening password file "/mosquitto/config/passwd".
1723065817: mosquitto version 2.0.15 starting
1723065817: Config loaded from /mosquitto/config/mosquitto.conf.
1723065817: Error: Unable to open pwfile "/mosquitto/config/passwd".
1723065817: Error opening password file "/mosquitto/config/passwd".
1723065877: mosquitto version 2.0.15 starting
1723065877: Config loaded from /mosquitto/config/mosquitto.conf.
1723065877: Error: Unable to open pwfile "/mosquitto/config/passwd".
1723065877: Error opening password file "/mosquitto/config/passwd".
1723065938: mosquitto version 2.0.15 starting
1723065938: Config loaded from /mosquitto/config/mosquitto.conf.
1723065938: Error: Unable to open pwfile "/mosquitto/config/passwd".
1723065938: Error opening password file "/mosquitto/config/passwd".
1723065998: mosquitto version 2.0.15 starting
1723065998: Config loaded from /mosquitto/config/mosquitto.conf.
1723065998: Error: Unable to open pwfile "/mosquitto/config/passwd".
1723065998: Error opening password file "/mosquitto/config/passwd".
1723066058: mosquitto version 2.0.15 starting
1723066058: Config loaded from /mosquitto/config/mosquitto.conf.
1723066058: Error: Unable to open pwfile "/mosquitto/config/passwd".
1723066058: Error opening password file "/mosquitto/config/passwd".
1723066119: mosquitto version 2.0.15 starting
1723066119: Config loaded from /mosquitto/config/mosquitto.conf.
1723066119: Error: Unable to open pwfile "/mosquitto/config/passwd".
1723066119: Error opening password file "/mosquitto/config/passwd".
1723066179: mosquitto version 2.0.15 starting
1723066179: Config loaded from /mosquitto/config/mosquitto.conf.
1723066179: Error: Unable to open pwfile "/mosquitto/config/passwd".
1723066179: Error opening password file "/mosquitto/config/passwd".
1723066240: mosquitto version 2.0.15 starting
1723066240: Config loaded from /mosquitto/config/mosquitto.conf.
1723066240: Error: Unable to open pwfile "/mosquitto/config/passwd".
1723066240: Error opening password file "/mosquitto/config/passwd".
1723066300: mosquitto version 2.0.15 starting
1723066300: Config loaded from /mosquitto/config/mosquitto.conf.
1723066300: Error: Unable to open pwfile "/mosquitto/config/passwd".
1723066300: Error opening password file "/mosquitto/config/passwd".
1723066360: mosquitto version 2.0.15 starting
1723066360: Config loaded from /mosquitto/config/mosquitto.conf.
1723066360: Error: Unable to open pwfile "/mosquitto/config/passwd".
1723066360: Error opening password file "/mosquitto/config/passwd".
1723066421: mosquitto version 2.0.15 starting
1723066421: Config loaded from /mosquitto/config/mosquitto.conf.
1723066421: Error: Unable to open pwfile "/mosquitto/config/passwd".
1723066421: Error opening password file "/mosquitto/config/passwd".
1723066481: mosquitto version 2.0.15 starting
1723066481: Config loaded from /mosquitto/config/mosquitto.conf.
1723066481: Error: Unable to open pwfile "/mosquitto/config/passwd".
1723066481: Error opening password file "/mosquitto/config/passwd".
1723066541: mosquitto version 2.0.15 starting
1723066541: Config loaded from /mosquitto/config/mosquitto.conf.
1723066541: Error: Unable to open pwfile "/mosquitto/config/passwd".
1723066541: Error opening password file "/mosquitto/config/passwd".
1723066602: mosquitto version 2.0.15 starting
1723066602: Config loaded from /mosquitto/config/mosquitto.conf.
1723066602: Error: Unable to open pwfile "/mosquitto/config/passwd".
1723066602: Error opening password file "/mosquitto/config/passwd".
1723066662: mosquitto version 2.0.15 starting
1723066662: Config loaded from /mosquitto/config/mosquitto.conf.
1723066662: Error: Unable to open pwfile "/mosquitto/config/passwd".
1723066662: Error opening password file "/mosquitto/config/passwd".
1723066692: mosquitto version 2.0.15 starting
1723066692: Config loaded from /mosquitto/config/mosquitto.conf.
1723066692: Opening ipv4 listen socket on port 1883.
1723066692: mosquitto version 2.0.15 running
1723066708: New connection from 192.168.65.1:19736 on port 1883.
1723066708: Client mqtt-explorer-85510f1d disconnected, not authorised.
1723066718: New connection from 192.168.65.1:19737 on port 1883.
1723066718: New client connected from 192.168.65.1:19737 as mqtt-explorer-85510f1d (p2, c1, k60, u'agent001').
